<?xml version="1.0" encoding="UTF-8"?>
<!-- Generated by org.testng.reporters.JUnitReportReporter -->
<testsuite hostname="LAPTOP-G03A7UC3" name="project.BaseTest" tests="1" failures="0" timestamp="11 May 2021 12:38:01 GMT" time="15.444" errors="0">
  <testcase name="Login" time="15.444" classname="project.BaseTest"/>
</testsuite> <!-- project.BaseTest -->
