<?xml version="1.0" encoding="UTF-8"?>
<!-- Generated by org.testng.reporters.JUnitReportReporter -->
<testsuite hostname="LAPTOP-G03A7UC3" name="test.TestAPI" tests="4" failures="0" timestamp="12 May 2021 11:00:26 GMT" time="5.175" errors="0">
  <testcase name="logout" time="0.698" classname="test.TestAPI"/>
  <testcase name="Login" time="2.745" classname="test.TestAPI"/>
  <testcase name="getCustomersBetween" time="0.900" classname="test.TestAPI"/>
  <testcase name="getUser" time="0.832" classname="test.TestAPI"/>
</testsuite> <!-- test.TestAPI -->
